make all --print-data-base --no-builtin-variables --no-builtin-rules --question
# GNU Make 3.81
# Copyright (C) 2006  Free Software Foundation, Inc.
# This is free software; see the source for copying conditions.
# There is NO warranty; not even for MERCHANTABILITY or FITNESS FOR A
# PARTICULAR PURPOSE.

# This program built for i386-apple-darwin11.3.0

# Make data base, printed on Sun Aug 14 18:48:25 2022

# Variables

# automatic
<D = $(patsubst %/,%,$(dir $<))
# automatic
?F = $(notdir $?)
# environment
ELECTRON_NO_ATTACH_CONSOLE = 1
# environment
gvm_go_name = go1.19
# automatic
?D = $(patsubst %/,%,$(dir $?))
# environment
CPPFLAGS = -I/usr/local/opt/sqlite/include
# automatic
@D = $(patsubst %/,%,$(dir $@))
# automatic
@F = $(notdir $@)
# makefile
CURDIR := /Users/idoharumare/workspace/swagger-simple-api
# makefile
SHELL = /bin/sh
# environment
VSCODE_NLS_CONFIG = {"locale":"ja","availableLanguages":{"*":"ja"},"_languagePackId":"29207410cd77a70b4b25e4878dda93be.ja","_translationsConfigFile":"/Users/idoharumare/Library/Application Support/Code/clp/29207410cd77a70b4b25e4878dda93be.ja/tcf.json","_cacheRoot":"/Users/idoharumare/Library/Application Support/Code/clp/29207410cd77a70b4b25e4878dda93be.ja","_resolvedLanguagePackCoreLocation":"/Users/idoharumare/Library/Application Support/Code/clp/29207410cd77a70b4b25e4878dda93be.ja/b06ae3b2d2dbfe28bca3134cc6be65935cdfea6a","_corruptedFile":"/Users/idoharumare/Library/Application Support/Code/clp/29207410cd77a70b4b25e4878dda93be.ja/corrupted.info","_languagePackSupport":true}
# environment
_ = /usr/bin/make
# environment
GVM_ROOT = /Users/idoharumare/.gvm
# makefile (from `Makefile', line 1)
MAKEFILE_LIST :=  Makefile
# environment
__CFBundleIdentifier = com.microsoft.VSCode
# environment
GVM_PATH_BACKUP = /Users/idoharumare/.gvm/bin:/Users/idoharumare/local/bin/node:/usr/local/opt/mysql@5.7/bin:/usr/local/opt/sqlite/bin:/Users/idoharumare/google-cloud-sdk/bin:/Users/idoharumare/Library/Python/3.8/bin:/Users/idoharumare/.nodebrew/current/bin:/Users/idoharumare/opt/anaconda3/bin:/Users/idoharumare/opt/anaconda3/condabin:/usr/local/bin:/usr/bin:/bin:/usr/sbin:/sbin:/usr/local/go/bin:/Library/Apple/usr/bin:/Library/Frameworks/Mono.framework/Versions/Current/Commands:/Users/idoharumare/Library/Android/sdk/platform-tools:/Users/idoharumare/.pub-cache/bin
# environment
VSCODE_CWD = /Users/idoharumare/workspace/swagger-simple-api
# environment
PATH = /Users/idoharumare/.gvm/pkgsets/go1.19/global/bin:/Users/idoharumare/.gvm/gos/go1.19/bin:/Users/idoharumare/.gvm/pkgsets/go1.19/global/overlay/bin:/Users/idoharumare/.gvm/bin:/Users/idoharumare/.gvm/bin:/Users/idoharumare/local/bin/node:/usr/local/opt/mysql@5.7/bin:/usr/local/opt/sqlite/bin:/Users/idoharumare/google-cloud-sdk/bin:/Users/idoharumare/Library/Python/3.8/bin:/Users/idoharumare/.nodebrew/current/bin:/Users/idoharumare/opt/anaconda3/bin:/Users/idoharumare/opt/anaconda3/condabin:/usr/local/bin:/usr/bin:/bin:/usr/sbin:/sbin:/usr/local/go/bin:/Library/Apple/usr/bin:/Library/Frameworks/Mono.framework/Versions/Current/Commands:/Users/idoharumare/Library/Android/sdk/platform-tools:/Users/idoharumare/.pub-cache/bin
# environment
GOROOT = /Users/idoharumare/.gvm/gos/go1.19
# environment
GOPATH = /Users/idoharumare/.gvm/pkgsets/go1.19/global
# environment
LaunchInstanceID = 24ED2A8B-A88A-42C5-A52F-F61C57E69049
# environment
ELECTRON_RUN_AS_NODE = 1
# environment
LDFLAGS = -L/usr/local/opt/sqlite/lib
# default
.FEATURES := target-specific order-only second-expansion else-if archives jobserver check-symlink
# environment
SSH_AUTH_SOCK = /private/tmp/com.apple.launchd.OWaODu9695/Listeners
# automatic
%F = $(notdir $%)
# environment
CONDA_EXE = /Users/idoharumare/opt/anaconda3/bin/conda
# environment
PWD = /Users/idoharumare/workspace/swagger-simple-api
# environment
PKG_CONFIG_PATH = /Users/idoharumare/.gvm/pkgsets/go1.19/global/overlay/lib/pkgconfig:
# environment
ORIGINAL_XDG_CURRENT_DESKTOP = undefined
# environment
VSCODE_AMD_ENTRYPOINT = vs/workbench/api/node/extensionHostProcess
# environment
HOME = /Users/idoharumare
# environment
LD_LIBRARY_PATH = /Users/idoharumare/.gvm/pkgsets/go1.19/global/overlay/lib:
# default
MAKEFILEPATH := /Applications/Xcode.app/Contents/Developer/Makefiles
# environment
VSCODE_CLI = 1
# environment
VSCODE_CODE_CACHE_PATH = /Users/idoharumare/Library/Application Support/Code/CachedData/b06ae3b2d2dbfe28bca3134cc6be65935cdfea6a
# environment
LOGNAME = idoharumare
# environment
APPLICATION_INSIGHTS_NO_DIAGNOSTIC_CHANNEL = 1
# environment
CONDA_PROMPT_MODIFIER = (base) 
# environment
VSCODE_HANDLES_UNCAUGHT_ERRORS = true
# automatic
^D = $(patsubst %/,%,$(dir $^))
# environment
GVM_VERSION = 1.0.22
# environment
CONDA_DEFAULT_ENV = base
# environment
XPC_FLAGS = 0x0
# environment
COLORTERM = truecolor
# default
MAKE = $(MAKE_COMMAND)
# environment
LC_TERMINAL = iTerm2
# environment
SHLVL = 3
# environment
GVM_OVERLAY_PREFIX = /Users/idoharumare/.gvm/pkgsets/go1.19/global/overlay
# environment
gvm_pkgset_name = global
# default
MAKE_VERSION := 3.81
# environment
USER = idoharumare
# makefile
.DEFAULT_GOAL := 
# default
MAKECMDGOALS := all
# environment
TERM_SESSION_ID = w0t1p0:B9B73B28-561C-461F-8F05-88C006872DE6
# automatic
%D = $(patsubst %/,%,$(dir $%))
# environment
CONDA_SHLVL = 1
# default
MAKE_COMMAND := /Applications/Xcode.app/Contents/Developer/usr/bin/make
# environment
TERM_PROGRAM = iTerm.app
# default
.VARIABLES := 
# environment
TMPDIR = /var/folders/yw/jwmsfqqx1333hbz0y95jc57m0000gn/T/
# automatic
*F = $(notdir $*)
# environment
VSCODE_IPC_HOOK = /Users/idoharumare/Library/Application Support/Code/1.69.1-main.sock
# environment
MallocNanoZone = 0
# makefile
MAKEFLAGS = Rrqp
# environment
MFLAGS = -Rrqp
# automatic
*D = $(patsubst %/,%,$(dir $*))
# environment
TERM_PROGRAM_VERSION = 3.4.16
# environment
XPC_SERVICE_NAME = application.com.microsoft.VSCode.189579073.189579079.04BF5470-B922-4CFC-803D-01E513E64872
# environment
LC_TERMINAL_VERSION = 3.4.16
# automatic
+D = $(patsubst %/,%,$(dir $+))
# automatic
+F = $(notdir $+)
# environment
ITERM_SESSION_ID = w0t1p0:B9B73B28-561C-461F-8F05-88C006872DE6
# environment
COLORFGBG = 7;0
# environment
__CF_USER_TEXT_ENCODING = 0x1F5:0x1:0xE
# environment
COMMAND_MODE = unix2003
# default
MAKEFILES := 
# automatic
<F = $(notdir $<)
# environment
ITERM_PROFILE = Hotkey Window
# environment
LC_ALL = C
# environment
CONDA_PYTHON_EXE = /Users/idoharumare/opt/anaconda3/bin/python
# environment
SECURITYSESSIONID = 186a3
# automatic
^F = $(notdir $^)
# default
SUFFIXES := 
# environment
_CE_M = 
# default
.INCLUDE_DIRS = /usr/local/include
# environment
MAKELEVEL := 0
# environment
CONDA_PREFIX = /Users/idoharumare/opt/anaconda3
# environment
TERM = xterm-256color
# environment
VSCODE_PID = 28420
# environment
_CE_CONDA = 
# environment
LANG = C
# variable set hash-table stats:
# Load=92/1024=9%, Rehash=0, Collisions=6/115=5%

# Pattern-specific Variable Values

# No pattern-specific variable values.

# Directories

# . (device 16777225, inode 192725511): 10 files, no impossibilities.

# 10 files, no impossibilities in 1 directories.

# Implicit Rules

# No implicit rules.

# Files

# Not a target:
all:
#  Command-line target.
#  Implicit rule search has been done.
#  File does not exist.
#  File has not been updated.
# variable set hash-table stats:
# Load=0/32=0%, Rehash=0, Collisions=0/0=0%

# Not a target:
.SUFFIXES:
#  Implicit rule search has not been done.
#  Modification time never checked.
#  File has not been updated.

# Not a target:
Makefile:
#  Implicit rule search has been done.
#  Last modified 2022-08-14 18:43:41
#  File has been updated.
#  Successfully updated.
# variable set hash-table stats:
# Load=0/32=0%, Rehash=0, Collisions=0/0=0%

# Not a target:
.DEFAULT:
#  Implicit rule search has not been done.
#  Modification time never checked.
#  File has not been updated.

# files hash-table stats:
# Load=4/1024=0%, Rehash=0, Collisions=0/16=0%
# VPATH Search Paths

# No `vpath' search paths.

# No general (`VPATH' variable) search path.

# # of strings in strcache: 1
# # of strcache buffers: 1
# strcache size: total = 4096 / max = 4096 / min = 4096 / avg = 4096
# strcache free: total = 4087 / max = 4087 / min = 4087 / avg = 4087

 
make: *** No rule to make target `all'.  Stop.

# Finished Make data base on Sun Aug 14 18:48:25 2022

 
